<?xml version="1.0" encoding="UTF-8"?>
<testsuite name="br.com.unittestexample.gereciamento.GerenciamentoListaTarefasTest" tests="1" skipped="0" failures="0" errors="0" timestamp="2021-03-18T14:35:19" hostname="LG-PC" time="0.152">
  <properties/>
  <testcase name="testCriarTarefaDiaSemana_comId()" classname="br.com.unittestexample.gereciamento.GerenciamentoListaTarefasTest" time="0.152"/>
  <system-out><![CDATA[]]></system-out>
  <system-err><![CDATA[]]></system-err>
</testsuite>
