<?xml version="1.0" encoding="UTF-8"?>
<testsuite name="br.com.unittestexample.gereciamento.GerenciamentoTarefasTest" tests="1" skipped="0" failures="0" errors="0" timestamp="2021-03-11T21:13:28" hostname="DESKTOP-C2CFK1D" time="0.021">
  <properties/>
  <testcase name="testCriarTarefa_comId()" classname="br.com.unittestexample.gereciamento.GerenciamentoTarefasTest" time="0.021"/>
  <system-out><![CDATA[]]></system-out>
  <system-err><![CDATA[]]></system-err>
</testsuite>
